app/build/intermediates/manifest_merge_blame_file/debug/manifest-merger-blame-debug-report.txt
1<?xml version="1.0" encoding="utf-8"?>
2<manifest xmlns:android="http://schemas.android.com/apk/res/android"
3    package="com.example.codingtask"
4    android:versionCode="1"
5    android:versionName="1.0" >
6
7    <uses-sdk
8        android:minSdkVersion="23"
8-->src\main\AndroidManifest.xml
9        android:targetSdkVersion="31" />
9-->src\main\AndroidManifest.xml
10
11    <uses-permission android:name="android.permission.INTERNET" />
11-->src\main\AndroidManifest.xml:5:5-66
11-->src\main\AndroidManifest.xml:5:22-64
12    <uses-permission android:name="android.permission.ACCESS_NETWORK_STATE" />
12-->src\main\AndroidManifest.xml:6:5-79
12-->src\main\AndroidManifest.xml:6:22-76
13    <uses-permission android:name="android.permission.ACCESS_WIFI_STATE" />
13-->src\main\AndroidManifest.xml:7:5-76
13-->src\main\AndroidManifest.xml:7:22-73
14    <uses-permission android:name="android.permission.REORDER_TASKS" />
14-->[androidx.test:core:1.4.0] AndroidManifest.xml:24:5-72
14-->[androidx.test:core:1.4.0] AndroidManifest.xml:24:22-69
15
16    <application
16-->src\main\AndroidManifest.xml:9:5-28:19
17        android:name="com.example.codingtask.PixabayApplication"
17-->src\main\AndroidManifest.xml:10:9-65
18        android:allowBackup="true"
18-->src\main\AndroidManifest.xml:11:9-35
19        android:appComponentFactory="androidx.core.app.CoreComponentFactory"
19-->[androidx.core:core:1.7.0] AndroidManifest.xml:24:18-86
20        android:debuggable="true"
21        android:extractNativeLibs="false"
22        android:icon="@mipmap/ic_launcher"
22-->src\main\AndroidManifest.xml:13:9-43
23        android:label="@string/app_name"
23-->src\main\AndroidManifest.xml:12:9-41
24        android:largeHeap="true"
24-->src\main\AndroidManifest.xml:17:9-33
25        android:roundIcon="@mipmap/ic_launcher_round"
25-->src\main\AndroidManifest.xml:14:9-54
26        android:supportsRtl="true"
26-->src\main\AndroidManifest.xml:15:9-35
27        android:theme="@style/Theme.Pixabay"
27-->src\main\AndroidManifest.xml:18:9-45
28        android:usesCleartextTraffic="true" >
28-->src\main\AndroidManifest.xml:16:9-44
29        <activity
29-->src\main\AndroidManifest.xml:19:9-27:20
30            android:name="com.example.codingtask.ui.activity.MainActivity"
30-->src\main\AndroidManifest.xml:20:13-75
31            android:exported="true"
31-->src\main\AndroidManifest.xml:22:13-36
32            android:theme="@style/Theme.App.Starting" >
32-->src\main\AndroidManifest.xml:21:13-54
33            <intent-filter>
33-->src\main\AndroidManifest.xml:23:13-26:29
34                <action android:name="android.intent.action.MAIN" />
34-->src\main\AndroidManifest.xml:24:17-69
34-->src\main\AndroidManifest.xml:24:25-66
35
36                <category android:name="android.intent.category.LAUNCHER" />
36-->src\main\AndroidManifest.xml:25:17-77
36-->src\main\AndroidManifest.xml:25:27-74
37            </intent-filter>
38        </activity>
39
40        <uses-library
40-->[androidx.window:window:1.0.0] AndroidManifest.xml:25:9-27:40
41            android:name="androidx.window.extensions"
41-->[androidx.window:window:1.0.0] AndroidManifest.xml:26:13-54
42            android:required="false" />
42-->[androidx.window:window:1.0.0] AndroidManifest.xml:27:13-37
43        <uses-library
43-->[androidx.window:window:1.0.0] AndroidManifest.xml:28:9-30:40
44            android:name="androidx.window.sidecar"
44-->[androidx.window:window:1.0.0] AndroidManifest.xml:29:13-51
45            android:required="false" />
45-->[androidx.window:window:1.0.0] AndroidManifest.xml:30:13-37
46
47        <service
47-->[androidx.room:room-runtime:2.4.2] AndroidManifest.xml:25:9-28:40
48            android:name="androidx.room.MultiInstanceInvalidationService"
48-->[androidx.room:room-runtime:2.4.2] AndroidManifest.xml:26:13-74
49            android:directBootAware="true"
49-->[androidx.room:room-runtime:2.4.2] AndroidManifest.xml:27:13-43
50            android:exported="false" />
50-->[androidx.room:room-runtime:2.4.2] AndroidManifest.xml:28:13-37
51
52        <provider
52-->[androidx.emoji2:emoji2:1.0.0] AndroidManifest.xml:26:9-34:20
53            android:name="androidx.startup.InitializationProvider"
53-->[androidx.emoji2:emoji2:1.0.0] AndroidManifest.xml:27:13-67
54            android:authorities="com.example.codingtask.androidx-startup"
54-->[androidx.emoji2:emoji2:1.0.0] AndroidManifest.xml:28:13-68
55            android:exported="false" >
55-->[androidx.emoji2:emoji2:1.0.0] AndroidManifest.xml:29:13-37
56            <meta-data
56-->[androidx.emoji2:emoji2:1.0.0] AndroidManifest.xml:31:13-33:52
57                android:name="androidx.emoji2.text.EmojiCompatInitializer"
57-->[androidx.emoji2:emoji2:1.0.0] AndroidManifest.xml:32:17-75
58                android:value="androidx.startup" />
58-->[androidx.emoji2:emoji2:1.0.0] AndroidManifest.xml:33:17-49
59            <meta-data
59-->[androidx.lifecycle:lifecycle-process:2.4.0] AndroidManifest.xml:31:13-33:52
60                android:name="androidx.lifecycle.ProcessLifecycleInitializer"
60-->[androidx.lifecycle:lifecycle-process:2.4.0] AndroidManifest.xml:32:17-78
61                android:value="androidx.startup" />
61-->[androidx.lifecycle:lifecycle-process:2.4.0] AndroidManifest.xml:33:17-49
62        </provider>
63
64        <activity
64-->[androidx.test:core:1.4.0] AndroidManifest.xml:27:9-34:20
65            android:name="androidx.test.core.app.InstrumentationActivityInvoker$BootstrapActivity"
65-->[androidx.test:core:1.4.0] AndroidManifest.xml:28:13-99
66            android:exported="true"
66-->[androidx.test:core:1.4.0] AndroidManifest.xml:29:13-36
67            android:theme="@android:style/Theme" >
67-->[androidx.test:core:1.4.0] AndroidManifest.xml:30:13-49
68            <intent-filter>
68-->[androidx.test:core:1.4.0] AndroidManifest.xml:31:13-33:29
69                <action android:name="android.intent.action.MAIN" />
69-->src\main\AndroidManifest.xml:24:17-69
69-->src\main\AndroidManifest.xml:24:25-66
70            </intent-filter>
71        </activity>
72        <activity
72-->[androidx.test:core:1.4.0] AndroidManifest.xml:35:9-42:20
73            android:name="androidx.test.core.app.InstrumentationActivityInvoker$EmptyActivity"
73-->[androidx.test:core:1.4.0] AndroidManifest.xml:36:13-95
74            android:exported="true"
74-->[androidx.test:core:1.4.0] AndroidManifest.xml:37:13-36
75            android:theme="@android:style/Theme" >
75-->[androidx.test:core:1.4.0] AndroidManifest.xml:38:13-49
76            <intent-filter>
76-->[androidx.test:core:1.4.0] AndroidManifest.xml:31:13-33:29
77                <action android:name="android.intent.action.MAIN" />
77-->src\main\AndroidManifest.xml:24:17-69
77-->src\main\AndroidManifest.xml:24:25-66
78            </intent-filter>
79        </activity>
80        <activity
80-->[androidx.test:core:1.4.0] AndroidManifest.xml:43:9-50:20
81            android:name="androidx.test.core.app.InstrumentationActivityInvoker$EmptyFloatingActivity"
81-->[androidx.test:core:1.4.0] AndroidManifest.xml:44:13-103
82            android:exported="true"
82-->[androidx.test:core:1.4.0] AndroidManifest.xml:45:13-36
83            android:theme="@android:style/Theme.Dialog" >
83-->[androidx.test:core:1.4.0] AndroidManifest.xml:46:13-56
84            <intent-filter>
84-->[androidx.test:core:1.4.0] AndroidManifest.xml:31:13-33:29
85                <action android:name="android.intent.action.MAIN" />
85-->src\main\AndroidManifest.xml:24:17-69
85-->src\main\AndroidManifest.xml:24:25-66
86            </intent-filter>
87        </activity>
88    </application>
89
90</manifest>